[debug] [2021-12-10T08:01:47.548Z] ----------------------------------------------------------------------
[debug] [2021-12-10T08:01:47.550Z] Command:       C:\Program Files\nodejs\node.exe C:\Program Files\nodejs\node_modules\firebase-tools\lib\bin\firebase.js init
[debug] [2021-12-10T08:01:47.550Z] CLI Version:   9.23.1
[debug] [2021-12-10T08:01:47.550Z] Platform:      win32
[debug] [2021-12-10T08:01:47.550Z] Node Version:  v16.10.0
[debug] [2021-12-10T08:01:47.551Z] Time:          Fri Dec 10 2021 11:01:47 GMT+0300 (GMT+03:00)
[debug] [2021-12-10T08:01:47.551Z] ----------------------------------------------------------------------
[debug] 
[debug] [2021-12-10T08:01:47.601Z] > command requires scopes: ["email","openid","https://www.googleapis.com/auth/cloudplatformprojects.readonly","https://www.googleapis.com/auth/firebase","https://www.googleapis.com/auth/cloud-platform"]
[debug] [2021-12-10T08:01:47.601Z] > authorizing via signed-in user (ibrahimyandi@gmail.com)
[info] 
     ######## #### ########  ######## ########     ###     ######  ########
     ##        ##  ##     ## ##       ##     ##  ##   ##  ##       ##
     ######    ##  ########  ######   ########  #########  ######  ######
     ##        ##  ##    ##  ##       ##     ## ##     ##       ## ##
     ##       #### ##     ## ######## ########  ##     ##  ######  ########

You're about to initialize a Firebase project in this directory:

  C:\Users\ibrahim\Documents\GitHub\cafe-automation

Before we get started, keep in mind:

  * You are initializing within an existing Firebase project directory

[info] 
=== Project Setup
[info] 
[info] First, let's associate this project directory with a Firebase project.
[info] You can create multiple project aliases by running firebase use --add, 
[info] but for now we'll just set up a default project.
[info] 
[debug] [2021-12-10T08:02:02.199Z] Using project from CLI flag: cafe-automation
[debug] [2021-12-10T08:02:02.201Z] > refreshing access token with scopes: []
[debug] [2021-12-10T08:02:02.201Z] >>> HTTP REQUEST POST https://www.googleapis.com/oauth2/v3/token  
 <request body omitted>
[debug] [2021-12-10T08:02:02.484Z] <<< HTTP RESPONSE 200 {"cache-control":"no-cache, no-store, max-age=0, must-revalidate","date":"Fri, 10 Dec 2021 08:02:04 GMT","pragma":"no-cache","expires":"Mon, 01 Jan 1990 00:00:00 GMT","content-type":"application/json; charset=utf-8","vary":"X-Origin, Referer, Origin,Accept-Encoding","server":"scaffolding on HTTPServer2","x-xss-protection":"0","x-frame-options":"SAMEORIGIN","x-content-type-options":"nosniff","alt-svc":"h3=\":443\"; ma=2592000,h3-29=\":443\"; ma=2592000,h3-Q050=\":443\"; ma=2592000,h3-Q046=\":443\"; ma=2592000,h3-Q043=\":443\"; ma=2592000,quic=\":443\"; ma=2592000; v=\"46,43\"","accept-ranges":"none","transfer-encoding":"chunked"}
[debug] [2021-12-10T08:02:02.495Z] >>> [apiv2][query] GET https://firebase.googleapis.com/v1beta1/projects/cafe-automation [none]
[debug] [2021-12-10T08:02:02.894Z] <<< [apiv2][status] GET https://firebase.googleapis.com/v1beta1/projects/cafe-automation 200
[debug] [2021-12-10T08:02:02.894Z] <<< [apiv2][body] GET https://firebase.googleapis.com/v1beta1/projects/cafe-automation {"projectId":"cafe-automation","projectNumber":"707903475595","displayName":"cafe-automation","name":"projects/cafe-automation","resources":{"hostingSite":"cafe-automation","realtimeDatabaseInstance":"cafe-automation-default-rtdb"},"state":"ACTIVE"}
[info] i  Using project cafe-automation (cafe-automation) 
[info] 
=== Hosting:github Setup
[info] 
[info] i  Detected a .git folder at C:\Users\ibrahim\Documents\GitHub\cafe-automation 
[info] i  Authorizing with GitHub to upload your service account to a GitHub repository's secrets store. 
[info] 
[info] Visit this URL on this device to log in:
[info] https://github.com/login/oauth/authorize?client_id=89cf50f02ac6aaed3484&state=642277412&redirect_uri=http%3A%2F%2Flocalhost%3A9005&scope=read%3Auser%20repo%20public_repo
[info] 
[info] Waiting for authentication...
[debug] [2021-12-10T08:02:03.602Z] >>> HTTP REQUEST POST https://github.com/login/oauth/access_token  
 {"client_id":"89cf50f02ac6aaed3484","client_secret":"3330d14abc895d9a74d5f17cd7a00711fa2c5bf0","code":"8843c22a94fabe5c8cb9","redirect_uri":"http://localhost:9005","state":"642277412"}
[debug] [2021-12-10T08:02:03.944Z] <<< HTTP RESPONSE 200 {"server":"GitHub.com","date":"Fri, 10 Dec 2021 08:02:05 GMT","content-type":"application/json; charset=utf-8","transfer-encoding":"chunked","vary":"X-PJAX, X-PJAX-Container, Accept-Encoding, Accept, X-Requested-With","permissions-policy":"interest-cohort=()","etag":"W/\"79776ff836a68910966f1e445201cd03\"","cache-control":"max-age=0, private, must-revalidate","strict-transport-security":"max-age=31536000; includeSubdomains; preload","x-frame-options":"deny","x-content-type-options":"nosniff","x-xss-protection":"0","referrer-policy":"origin-when-cross-origin, strict-origin-when-cross-origin","expect-ct":"max-age=2592000, report-uri=\"https://api.github.com/_private/browser/errors\"","content-security-policy":"default-src 'none'; base-uri 'self'; block-all-mixed-content; child-src github.com/assets-cdn/worker/ gist.github.com/assets-cdn/worker/; connect-src 'self' uploads.github.com objects-origin.githubusercontent.com www.githubstatus.com collector.githubapp.com api.github.com github-cloud.s3.amazonaws.com github-production-repository-file-5c1aeb.s3.amazonaws.com github-production-upload-manifest-file-7fdce7.s3.amazonaws.com github-production-user-asset-6210df.s3.amazonaws.com cdn.optimizely.com logx.optimizely.com/v1/events translator.github.com wss://alive.github.com; font-src github.githubassets.com; form-action 'self' github.com gist.github.com objects-origin.githubusercontent.com; frame-ancestors 'none'; frame-src render.githubusercontent.com viewscreen.githubusercontent.com notebooks.githubusercontent.com; img-src 'self' data: github.githubassets.com identicons.github.com collector.githubapp.com github-cloud.s3.amazonaws.com secured-user-images.githubusercontent.com/ *.githubusercontent.com; manifest-src 'self'; media-src github.com user-images.githubusercontent.com/; script-src github.githubassets.com; style-src 'unsafe-inline' github.githubassets.com; worker-src github.com/assets-cdn/worker/ gist.github.com/assets-cdn/worker/","x-github-request-id":"3667:6191:45D2F64:49494D1:61B3097D"}
[debug] [2021-12-10T08:02:03.947Z] >>> [apiv2][query] GET https://api.github.com/user [none]
[debug] [2021-12-10T08:02:04.430Z] <<< [apiv2][status] GET https://api.github.com/user 200
[debug] [2021-12-10T08:02:04.430Z] <<< [apiv2][body] GET https://api.github.com/user {"login":"ibrahimyandi","id":71317565,"node_id":"MDQ6VXNlcjcxMzE3NTY1","avatar_url":"https://avatars.githubusercontent.com/u/71317565?v=4","gravatar_id":"","url":"https://api.github.com/users/ibrahimyandi","html_url":"https://github.com/ibrahimyandi","followers_url":"https://api.github.com/users/ibrahimyandi/followers","following_url":"https://api.github.com/users/ibrahimyandi/following{/other_user}","gists_url":"https://api.github.com/users/ibrahimyandi/gists{/gist_id}","starred_url":"https://api.github.com/users/ibrahimyandi/starred{/owner}{/repo}","subscriptions_url":"https://api.github.com/users/ibrahimyandi/subscriptions","organizations_url":"https://api.github.com/users/ibrahimyandi/orgs","repos_url":"https://api.github.com/users/ibrahimyandi/repos","events_url":"https://api.github.com/users/ibrahimyandi/events{/privacy}","received_events_url":"https://api.github.com/users/ibrahimyandi/received_events","type":"User","site_admin":false,"name":"PacTi","company":null,"blog":"","location":null,"email":null,"hireable":null,"bio":"www.instagram.com/ibrahimyandi","twitter_username":null,"public_repos":0,"public_gists":0,"followers":1,"following":1,"created_at":"2020-09-15T08:37:15Z","updated_at":"2021-11-12T16:58:41Z","private_gists":0,"total_private_repos":4,"owned_private_repos":4,"disk_usage":3506,"collaborators":0,"two_factor_authentication":false,"plan":{"name":"free","space":976562499,"collaborators":0,"private_repos":10000}}
[info] 
[info] +  Success! Logged into GitHub as ibrahimyandi 
[info] 
